0 info it worked if it ends with ok
1 verbose cli [ '/usr/bin/node', '/usr/bin/npm', 'publish' ]
2 info using npm@3.5.2
3 info using node@v8.10.0
4 verbose publish [ '.' ]
5 silly cache add args [ '.', null ]
6 verbose cache add spec .
7 silly cache add parsed spec Result {
7 silly cache add   raw: '.',
7 silly cache add   scope: null,
7 silly cache add   name: null,
7 silly cache add   rawSpec: '.',
7 silly cache add   spec: '/home/dakota/Documents/gnosis/dragonsbreath',
7 silly cache add   type: 'directory' }
8 verbose addLocalDirectory /home/dakota/.npm/dragonsbreath/0.1.2/package.tgz not in flight; packing
9 info lifecycle dragonsbreath@0.1.2~prepublish: dragonsbreath@0.1.2
10 silly lifecycle dragonsbreath@0.1.2~prepublish: no script for prepublish, continuing
11 verbose tar pack [ '/home/dakota/.npm/dragonsbreath/0.1.2/package.tgz',
11 verbose tar pack   '/home/dakota/Documents/gnosis/dragonsbreath' ]
12 verbose tarball /home/dakota/.npm/dragonsbreath/0.1.2/package.tgz
13 verbose folder /home/dakota/Documents/gnosis/dragonsbreath
14 verbose addLocalTarball adding from inside cache /home/dakota/.npm/dragonsbreath/0.1.2/package.tgz
15 silly cache afterAdd dragonsbreath@0.1.2
16 verbose afterAdd /home/dakota/.npm/dragonsbreath/0.1.2/package/package.json not in flight; writing
17 verbose afterAdd /home/dakota/.npm/dragonsbreath/0.1.2/package/package.json written
18 silly publish { name: 'dragonsbreath',
18 silly publish   author: { name: 'tipsypastels' },
18 silly publish   version: '0.1.2',
18 silly publish   main: 'lib/index.js',
18 silly publish   license: 'MIT',
18 silly publish   description: 'A scripting language for Pokeemerald',
18 silly publish   bin:
18 silly publish    { '@tipsypastels/dragonsbreath': 'bin/dragonsbreath',
18 silly publish      dragonsbreath: 'bin/dragonsbreath' },
18 silly publish   files: [ 'bin/', 'lib/' ],
18 silly publish   publishConfig: { access: 'public' },
18 silly publish   keywords: [ 'dragonsbreath', 'pokeemerald' ],
18 silly publish   scripts:
18 silly publish    { test: 'yarn jest',
18 silly publish      start: 'yarn build && node lib/index.js',
18 silly publish      build: 'tsc -p .',
18 silly publish      'build:live': 'nodemon --watch \'src/**/*.ts\'' },
18 silly publish   devDependencies:
18 silly publish    { '@babel/plugin-proposal-export-default-from': '^7.5.2',
18 silly publish      '@types/babel__core': '^7.1.3',
18 silly publish      '@types/babel__template': '^7.0.2',
18 silly publish      '@types/jest': '^24.0.18',
18 silly publish      '@types/node': '^12.7.4',
18 silly publish      jest: '^24.9.0',
18 silly publish      nodemon: '^1.19.2',
18 silly publish      'ts-jest': '^24.0.2',
18 silly publish      'ts-node': '^8.3.0',
18 silly publish      typescript: '^3.6.2' },
18 silly publish   dependencies: { esm: '^3.2.25' },
18 silly publish   readme: '# Dragonsbreath\n\n*(Note that this project is still in a very early stage. It should be usable, and early adopter feedback would be lovely)*\n\n## Installation\n\nDragonsbreath is written in TypeScript and compiled to JavaScript. Make sure you have node installed on your system.\n```bash\nnpm install -g dragonsbreath\ncd your/project/directory\ndragonsbreath\n```\n\nBy default, Dragonsbreath will find all `.dbr` files in the `data` folder of your project and convert them into `.inc` files. If there are existing `.inc` files with the same names, it will try to cleanly merge them and keep all existing scripts. Please tell me if you experience any issues with this.\n\nIf you want to auto-run Dragonsbreath every time you build your hack you could probably add it to your Makefile but I don\'t know much about how Makefiles work so I haven\'t tried it yet. I\'ll look into this for 1.0.\n\n## Reasoning\n\nFor a lot of reasons, I dislike scripting in Pokeemerald. The rigid and unintuitive syntax makes programming much more error-prone, as well as taking way longer than it should for a decent-sized script. Instead, I decided to make a simpler and more pleasant language for use in my hack [Pokemon Gnosis](https://github.com/tipsypastels/pokegnosis) and any others who want to use it. It comes with with a transpiler (compiler? not sure what the right term is) that converts it into pokeemerald\'s scripting language.\n\nDragonsbreath syntax is exceedingly simple. Wherever possible it attempts to be completely English-like.\n```text\nscript MyScript\n  lock\n    faceplayer\n    checkplayergender\n    if it is FEMALE\n      say "Hey sis!$"\n    else\n      say "Ugh, what do you want?$"\n```\n\nOutput:\n\n```text\nMyScript::\n  lock\n  faceplayer\n  checkplayergender\n  compare VAR_RESULT, FEMALE\n  goto_if_eq _MyScript_Subscript_Code_1\n  msgbox _MyScript_Subscript_Text_2, MSGBOX_DEFAULT\n  release\n  end\n_MyScript_Subscript_Text_0:\n  .string "Hey sis!$"\n_MyScript_Subscript_Code_1::\n  msgbox _MyScript_Subscript_Text_0, MSGBOX_DEFAULT\n  release\n  end\n_MyScript_Subscript_Text_2:\n  .string "Ugh, what do you want?$"\n```\n\n(As this is highly WIP the exact language semantics may vary. Final output may be slightly different).\n\nSo, as you may have gleaned from that, some intended features of the language:\n- Use significant whitespacing.\n- No end keyword.\n- Text output is inline. No need to have a seperate text script.\n- Conditionals are inline.\n- You can use a command like `checkplayergender` inside an if statement.\n- Certain commands like `lock` have logical pairs - if you indent the commands following lock (referred to as "passing commands as children to `lock`"), it will automatically add the `release` after the commands passed.\n\n## Documentation\n\nSee the [wiki](https://github.com/tipsypastels/dragonsbreath/wiki).\n',
18 silly publish   readmeFilename: 'README.md',
18 silly publish   gitHead: '7961e74cd5699cc29c4e7690a30749ac0b9c130c',
18 silly publish   _id: 'dragonsbreath@0.1.2',
18 silly publish   _shasum: '3875dd1ee98b08e45cc0ab4cb2b237583b3a0343',
18 silly publish   _from: '.' }
19 verbose getPublishConfig { access: 'public' }
20 silly mapToRegistry name dragonsbreath
21 silly mapToRegistry using default registry
22 silly mapToRegistry registry https://registry.npmjs.org/
23 silly mapToRegistry uri https://registry.npmjs.org/dragonsbreath
24 verbose publish registryBase https://registry.npmjs.org/
25 silly publish uploading /home/dakota/.npm/dragonsbreath/0.1.2/package.tgz
26 verbose request uri https://registry.npmjs.org/dragonsbreath
27 verbose request sending authorization for write operation
28 info attempt registry request try #1 at 8:50:48 PM
29 verbose request using bearer token for auth
30 verbose request id c7567ec8c32744a7
31 http request PUT https://registry.npmjs.org/dragonsbreath
32 http 403 https://registry.npmjs.org/dragonsbreath
33 verbose headers { date: 'Sun, 06 Oct 2019 03:50:10 GMT',
33 verbose headers   'content-type': 'application/json',
33 verbose headers   'transfer-encoding': 'chunked',
33 verbose headers   connection: 'keep-alive',
33 verbose headers   'set-cookie':
33 verbose headers    [ '__cfduid=d667599afab4326e8a9a061047fc49c221570333810; expires=Mon, 05-Oct-20 03:50:10 GMT; path=/; domain=.npmjs.org; HttpOnly' ],
33 verbose headers   'cf-cache-status': 'DYNAMIC',
33 verbose headers   'cf-ray': '5214ab6b4d5dbb6a-SEA',
33 verbose headers   'expect-ct': 'max-age=604800, report-uri="https://report-uri.cloudflare.com/cdn-cgi/beacon/expect-ct"',
33 verbose headers   vary: 'Accept-Encoding',
33 verbose headers   server: 'cloudflare',
33 verbose headers   'content-encoding': 'gzip' }
34 verbose request invalidating /home/dakota/.npm/registry.npmjs.org/dragonsbreath on PUT
35 error publish Failed PUT 403
36 verbose stack Error: You cannot publish over the previously published versions: 0.1.2. : dragonsbreath
36 verbose stack     at makeError (/usr/share/npm/node_modules/npm-registry-client/lib/request.js:264:12)
36 verbose stack     at CachingRegistryClient.<anonymous> (/usr/share/npm/node_modules/npm-registry-client/lib/request.js:252:14)
36 verbose stack     at /usr/share/npm/node_modules/npm-registry-client/lib/request.js:178:7
36 verbose stack     at Gunzip.onEnd (zlib.js:131:5)
36 verbose stack     at emitNone (events.js:111:20)
36 verbose stack     at Gunzip.emit (events.js:208:7)
36 verbose stack     at endReadableNT (_stream_readable.js:1064:12)
36 verbose stack     at _combinedTickCallback (internal/process/next_tick.js:138:11)
36 verbose stack     at process._tickCallback (internal/process/next_tick.js:180:9)
37 verbose statusCode 403
38 verbose pkgid dragonsbreath
39 verbose cwd /home/dakota/Documents/gnosis/dragonsbreath
40 error Linux 5.0.0-29-generic
41 error argv "/usr/bin/node" "/usr/bin/npm" "publish"
42 error node v8.10.0
43 error npm  v3.5.2
44 error code E403
45 error You cannot publish over the previously published versions: 0.1.2. : dragonsbreath
46 error If you need help, you may report this error at:
46 error     <https://github.com/npm/npm/issues>
47 verbose exit [ 1, true ]
